<?xml version="1.0" encoding="UTF-8"?>
<!-- Generated by org.testng.reporters.JUnitReportReporter -->
<testsuite skipped="0" hostname="Lenovo-PC" name="TestCases.OpenBrowser" tests="1" failures="0" timestamp="08 Jul 2020 21:46:44 GMT" time="10.752" errors="0">
  <testcase name="opebChrome" time="10.752" classname="TestCases.OpenBrowser"/>
</testsuite> <!-- TestCases.OpenBrowser -->
