<?xml version="1.0" encoding="UTF-8"?>
<!-- Generated by org.testng.reporters.JUnitReportReporter -->
<testsuite skipped="0" hostname="Lenovo-PC" name="TestCases.popUp_BasicAuth" tests="1" failures="0" timestamp="07 Jul 2020 00:13:26 GMT" time="17.560" errors="0">
  <testcase name="openChrome" time="17.560" classname="TestCases.popUp_BasicAuth"/>
</testsuite> <!-- TestCases.popUp_BasicAuth -->
