<?xml version="1.0" encoding="UTF-8"?>
<!-- Generated by org.testng.reporters.JUnitReportReporter -->
<testsuite skipped="0" hostname="Lenovo-PC" name="TestCases.actionsClass" tests="1" failures="0" timestamp="08 Jul 2020 22:58:11 GMT" time="23.266" errors="0">
  <testcase name="actionClass" time="23.266" classname="TestCases.actionsClass"/>
</testsuite> <!-- TestCases.actionsClass -->
