<?xml version="1.0" encoding="UTF-8"?>
<!-- Generated by org.testng.reporters.JUnitReportReporter -->
<testsuite skipped="0" hostname="Lenovo-PC" name="TestCases.LoginToFB" tests="1" failures="0" timestamp="05 Jul 2020 19:51:57 GMT" time="2.328" errors="0">
  <testcase name="ValidLoginTOFB" time="2.328" classname="TestCases.LoginToFB"/>
</testsuite> <!-- TestCases.LoginToFB -->
