<?xml version="1.0" encoding="UTF-8"?>
<!-- Generated by org.testng.reporters.JUnitReportReporter -->
<testsuite skipped="0" hostname="Lenovo-PC" name="RestClient_APITesting.Http_GETwithHeaders" tests="1" failures="0" timestamp="06 Jul 2020 02:38:33 GMT" time="1.015" errors="0">
  <testcase name="getAPI" time="1.015" classname="RestClient_APITesting.Http_GETwithHeaders"/>
</testsuite> <!-- RestClient_APITesting.Http_GETwithHeaders -->
