<?xml version="1.0" encoding="UTF-8"?>
<!-- Generated by org.testng.reporters.JUnitReportReporter -->
<testsuite skipped="0" hostname="Lenovo-PC" name="TestCases.ParallelTesting" tests="2" failures="0" timestamp="07 Jul 2020 06:35:45 GMT" time="27.663" errors="0">
  <testcase name="LogoTest" time="14.286" classname="TestCases.ParallelTesting"/>
  <testcase name="HomePageTitle" time="13.377" classname="TestCases.ParallelTesting"/>
</testsuite> <!-- TestCases.ParallelTesting -->
