<?xml version="1.0" encoding="UTF-8"?>
<!-- Generated by org.testng.reporters.JUnitReportReporter -->
<testsuite skipped="0" hostname="Lenovo-PC" name="RestClient_APITesting.RestAssured_POST_DataDrivenExcel_2" tests="5" failures="0" timestamp="09 Jul 2020 21:31:10 GMT" time="3.586" errors="0">
  <testcase name="Post_Employee" time="0.214" classname="RestClient_APITesting.RestAssured_POST_DataDrivenExcel_2"/>
  <testcase name="Post_Employee" time="0.175" classname="RestClient_APITesting.RestAssured_POST_DataDrivenExcel_2"/>
  <testcase name="Post_Employee" time="0.174" classname="RestClient_APITesting.RestAssured_POST_DataDrivenExcel_2"/>
  <testcase name="Post_Employee" time="0.196" classname="RestClient_APITesting.RestAssured_POST_DataDrivenExcel_2"/>
  <testcase name="Post_Employee" time="2.827" classname="RestClient_APITesting.RestAssured_POST_DataDrivenExcel_2"/>
</testsuite> <!-- RestClient_APITesting.RestAssured_POST_DataDrivenExcel_2 -->
