<?xml version="1.0" encoding="UTF-8"?>
<!-- Generated by org.testng.reporters.JUnitReportReporter -->
<testsuite skipped="0" hostname="Lenovo-PC" name="TestCases.WindowHandles2" tests="1" failures="0" timestamp="08 Jul 2020 21:11:06 GMT" time="19.829" errors="0">
  <testcase name="openEenadu" time="19.829" classname="TestCases.WindowHandles2"/>
</testsuite> <!-- TestCases.WindowHandles2 -->
