<?xml version="1.0" encoding="UTF-8"?>
<!-- Generated by org.testng.reporters.JUnitReportReporter -->
<testsuite skipped="0" hostname="Lenovo-PC" name="TestCases.LoginToFB_Grid" tests="1" failures="0" timestamp="23 Jul 2020 23:19:37 GMT" time="15.615" errors="0">
  <testcase name="ValidLoginTOFB" time="15.615" classname="TestCases.LoginToFB_Grid"/>
</testsuite> <!-- TestCases.LoginToFB_Grid -->
