<?xml version="1.0" encoding="UTF-8"?>
<!-- Generated by org.testng.reporters.JUnitReportReporter -->
<testsuite skipped="0" hostname="Lenovo-PC" name="TestCases.LoginToFB" tests="1" failures="0" timestamp="06 Jul 2020 02:04:17 GMT" time="1.836" errors="0">
  <testcase name="ValidLoginTOFB" time="1.836" classname="TestCases.LoginToFB"/>
</testsuite> <!-- TestCases.LoginToFB -->
