<?xml version="1.0" encoding="UTF-8"?>
<!-- Generated by org.testng.reporters.JUnitReportReporter -->
<testsuite skipped="0" hostname="Lenovo-PC" name="RestClient_APITesting.Http_GET" tests="1" failures="0" timestamp="06 Jul 2020 02:38:26 GMT" time="1.009" errors="0">
  <testcase name="httpGet" time="1.009" classname="RestClient_APITesting.Http_GET"/>
</testsuite> <!-- RestClient_APITesting.Http_GET -->
