<?xml version="1.0" encoding="UTF-8"?>
<!-- Generated by org.testng.reporters.JUnitReportReporter -->
<testsuite skipped="0" hostname="Lenovo-PC" name="RestClient_APITesting.OpenBrowser" tests="1" failures="0" timestamp="06 Jul 2020 23:11:56 GMT" time="18.630" errors="0">
  <testcase name="opebChrome" time="18.630" classname="RestClient_APITesting.OpenBrowser"/>
</testsuite> <!-- RestClient_APITesting.OpenBrowser -->
