<?xml version="1.0" encoding="UTF-8"?>
<!-- Generated by org.testng.reporters.JUnitReportReporter -->
<testsuite skipped="0" hostname="Lenovo-PC" name="RestClient_APITesting.Http_POST" tests="1" failures="0" timestamp="06 Jul 2020 02:38:12 GMT" time="1.546" errors="0">
  <testcase name="postAPI" time="1.546" classname="RestClient_APITesting.Http_POST"/>
</testsuite> <!-- RestClient_APITesting.Http_POST -->
