<?xml version="1.0" encoding="UTF-8"?>
<!-- Generated by org.testng.reporters.JUnitReportReporter -->
<testsuite skipped="0" hostname="Lenovo-PC" name="TestCases.LoginToFB" tests="1" failures="0" timestamp="21 Jul 2020 22:37:14 GMT" time="1.826" errors="0">
  <testcase name="ValidLoginTOFB" time="1.826" classname="TestCases.LoginToFB"/>
</testsuite> <!-- TestCases.LoginToFB -->
