<?xml version="1.0" encoding="UTF-8"?>
<!-- Generated by org.testng.reporters.JUnitReportReporter -->
<testsuite skipped="0" hostname="Lenovo-PC" name="TestCases.CrossBrowserTesting" tests="3" failures="0" timestamp="08 Jul 2020 23:07:15 GMT" time="135.284" errors="0">
  <testcase name="initializeBrowser" time="42.523" classname="TestCases.CrossBrowserTesting"/>
  <testcase name="initializeBrowser" time="18.462" classname="TestCases.CrossBrowserTesting"/>
  <testcase name="initializeBrowser" time="74.299" classname="TestCases.CrossBrowserTesting"/>
</testsuite> <!-- TestCases.CrossBrowserTesting -->
