<?xml version="1.0" encoding="UTF-8"?>
<!-- Generated by org.testng.reporters.JUnitReportReporter -->
<testsuite skipped="0" hostname="Lenovo-PC" name="RestClient_APITesting.Http_GETwithHeaders" tests="1" failures="0" timestamp="09 Jul 2020 22:05:56 GMT" time="0.130" errors="0">
  <testcase name="getAPI" time="0.130" classname="RestClient_APITesting.Http_GETwithHeaders"/>
</testsuite> <!-- RestClient_APITesting.Http_GETwithHeaders -->
